Log file open, 11/02/20 14:37:40
LogInit: Display: Running engine for game: VR
LogPlatformFile: Not using cached read wrapper
LogTaskGraph: Started task graph with 5 named threads and 23 total threads with 3 sets of task threads.
LogStats: Stats thread started at 0.280343
LogD3D11RHI: Loaded GFSDK_Aftermath_Lib.x64.dll
LogICUInternationalization: ICU TimeZone Detection - Raw Offset: +3:00, Platform Override: ''
LogPluginManager: Mounting plugin Paper2D
LogPluginManager: Mounting plugin AISupport
LogPluginManager: Mounting plugin LightPropagationVolume
LogPluginManager: Mounting plugin CameraShakePreviewer
LogPluginManager: Mounting plugin ActorLayerUtilities
LogPluginManager: Mounting plugin AnimationSharing
LogPluginManager: Mounting plugin CLionSourceCodeAccess
LogPluginManager: Mounting plugin CodeLiteSourceCodeAccess
LogPluginManager: Mounting plugin GitSourceControl
LogPluginManager: Mounting plugin KDevelopSourceCodeAccess
LogPluginManager: Mounting plugin NullSourceCodeAccess
LogPluginManager: Mounting plugin PerforceSourceControl
LogPluginManager: Mounting plugin PlasticSourceControl
LogPluginManager: Mounting plugin RiderSourceCodeAccess
LogPluginManager: Mounting plugin SubversionSourceControl
LogPluginManager: Mounting plugin UObjectPlugin
LogPluginManager: Mounting plugin VisualStudioCodeSourceCodeAccess
LogPluginManager: Mounting plugin VisualStudioSourceCodeAccess
LogPluginManager: Mounting plugin XCodeSourceCodeAccess
LogPluginManager: Mounting plugin AssetManagerEditor
LogPluginManager: Mounting plugin CryptoKeys
LogPluginManager: Mounting plugin CurveEditorTools
LogPluginManager: Mounting plugin DataValidation
LogPluginManager: Mounting plugin EditorScriptingUtilities
LogPluginManager: Mounting plugin FacialAnimation
LogPluginManager: Mounting plugin GameplayTagsEditor
LogPluginManager: Mounting plugin GeometryMode
LogPluginManager: Mounting plugin MacGraphicsSwitching
LogPluginManager: Mounting plugin MaterialAnalyzer
LogPluginManager: Mounting plugin MobileLauncherProfileWizard
LogPluginManager: Mounting plugin PluginBrowser
LogPluginManager: Mounting plugin SpeedTreeImporter
LogPluginManager: Mounting plugin DatasmithContent
LogPluginManager: Mounting plugin VariantManagerContent
LogPluginManager: Mounting plugin AlembicImporter
LogPluginManager: Mounting plugin AutomationUtils
LogPluginManager: Mounting plugin BackChannel
LogPluginManager: Mounting plugin ChaosCloth
LogPluginManager: Mounting plugin ChaosClothEditor
LogPluginManager: Mounting plugin ChaosEditor
LogPluginManager: Mounting plugin ChaosNiagara
LogPluginManager: Mounting plugin ChaosSolverPlugin
LogPluginManager: Mounting plugin CharacterAI
LogPluginManager: Mounting plugin GeometryCache
LogPluginManager: Mounting plugin GeometryCollectionPlugin
LogPluginManager: Mounting plugin GeometryProcessing
LogPluginManager: Mounting plugin PlanarCut
LogPluginManager: Mounting plugin PlatformCrypto
LogPluginManager: Mounting plugin ProxyLODPlugin
LogPluginManager: Mounting plugin SkeletalReduction
LogPluginManager: Mounting plugin Niagara
LogPluginManager: Mounting plugin MagicLeap
LogPluginManager: Mounting plugin MagicLeapLightEstimation
LogPluginManager: Mounting plugin MagicLeapMedia
LogPluginManager: Mounting plugin MagicLeapPassableWorld
LogPluginManager: Mounting plugin MLSDK
LogPluginManager: Mounting plugin AndroidMedia
LogPluginManager: Mounting plugin AvfMedia
LogPluginManager: Mounting plugin ImgMedia
LogPluginManager: Mounting plugin MediaCompositing
LogPluginManager: Mounting plugin MediaPlayerEditor
LogPluginManager: Mounting plugin WebMMedia
LogPluginManager: Mounting plugin WmfMedia
LogPluginManager: Mounting plugin MeshPainting
LogPluginManager: Mounting plugin TcpMessaging
LogPluginManager: Mounting plugin UdpMessaging
LogPluginManager: Mounting plugin ActorSequence
LogPluginManager: Mounting plugin LevelSequenceEditor
LogPluginManager: Mounting plugin MatineeToLevelSequence
LogPluginManager: Mounting plugin MovieRenderPipeline
LogPluginManager: Mounting plugin TemplateSequence
LogPluginManager: Mounting plugin NetcodeUnitTest
LogPluginManager: Mounting plugin NUTUnrealEngine4
LogPluginManager: Mounting plugin OnlineSubsystemGooglePlay
LogPluginManager: Mounting plugin OnlineSubsystemIOS
LogPluginManager: Mounting plugin OnlineSubsystem
LogPluginManager: Mounting plugin OnlineSubsystemNull
LogPluginManager: Mounting plugin OnlineSubsystemUtils
LogPluginManager: Mounting plugin LauncherChunkInstaller
LogPluginManager: Mounting plugin AndroidDeviceProfileSelector
LogPluginManager: Mounting plugin AndroidMoviePlayer
LogPluginManager: Mounting plugin AndroidPermission
LogPluginManager: Mounting plugin AppleImageUtils
LogPluginManager: Mounting plugin AppleMoviePlayer
LogPluginManager: Mounting plugin ArchVisCharacter
LogPluginManager: Mounting plugin AssetTags
LogPluginManager: Mounting plugin AudioCapture
LogPluginManager: Mounting plugin CableComponent
LogPluginManager: Mounting plugin CustomMeshComponent
LogPluginManager: Mounting plugin EditableMesh
LogPluginManager: Mounting plugin ExampleDeviceProfileSelector
LogPluginManager: Mounting plugin GoogleCloudMessaging
LogPluginManager: Mounting plugin GooglePAD
LogPluginManager: Mounting plugin IOSDeviceProfileSelector
LogPluginManager: Mounting plugin LinuxDeviceProfileSelector
LogPluginManager: Mounting plugin LocationServicesBPLibrary
LogPluginManager: Mounting plugin MobilePatchingUtils
LogPluginManager: Mounting plugin OculusVR
LogPluginManager: Mounting plugin PhysXVehicles
LogPluginManager: Mounting plugin PostSplashScreen
LogPluginManager: Mounting plugin ProceduralMeshComponent
LogPluginManager: Mounting plugin RuntimePhysXCooking
LogPluginManager: Mounting plugin SignificanceManager
LogPluginManager: Mounting plugin SoundFields
LogPluginManager: Mounting plugin SteamVR
LogPluginManager: Mounting plugin Synthesis
LogPluginManager: Mounting plugin WebMMoviePlayer
LogPluginManager: Mounting plugin WindowsMoviePlayer
LogPluginManager: Mounting plugin ScreenshotTools
LogInit: Using libcurl 7.55.1-DEV
LogInit:  - built for x86_64-pc-win32
LogInit:  - supports SSL with OpenSSL/1.1.1
LogInit:  - supports HTTP deflate (compression) using libz 1.2.8
LogInit:  - other features:
LogInit:      CURL_VERSION_SSL
LogInit:      CURL_VERSION_LIBZ
LogInit:      CURL_VERSION_IPV6
LogInit:      CURL_VERSION_ASYNCHDNS
LogInit:      CURL_VERSION_LARGEFILE
LogInit:      CURL_VERSION_IDN
LogInit:  CurlRequestOptions (configurable via config and command line):
LogInit:  - bVerifyPeer = true  - Libcurl will verify peer certificate
LogInit:  - bUseHttpProxy = false  - Libcurl will NOT use HTTP proxy
LogInit:  - bDontReuseConnections = false  - Libcurl will reuse connections
LogInit:  - MaxHostConnections = 16  - Libcurl will limit the number of connections to a host
LogInit:  - LocalHostAddr = Default
LogInit:  - BufferSize = 65536
LogOnline: OSS: Creating online subsystem instance for: NULL
LogInit: WinSock: version 1.1 (2.2), MaxSocks=32767, MaxUdp=65467
LogOnline: OSS: TryLoadSubsystemAndSetDefault: Loaded subsystem for module [NULL]
LogInit: Build: ++UE4+Release-4.25-CL-13942748
LogInit: Engine Version: 4.25.3-13942748+++UE4+Release-4.25
LogInit: Compatible Engine Version: 4.25.0-13144385+++UE4+Release-4.25
LogInit: Net CL: 13144385
LogInit: OS: Windows 10 (Release 1909) (), CPU: Intel(R) Core(TM) i5-9300H CPU @ 2.40GHz, GPU: Intel(R) UHD Graphics 630
LogInit: Compiled (64-bit): Jul 25 2020 02:07:48
LogInit: Compiled with Visual C++: 19.24.28315.00
LogInit: Build Configuration: Development
LogInit: Branch Name: ++UE4+Release-4.25
LogInit: Command Line: 
LogInit: Base Directory: C:/GraphSoft/Epic Games/UE_4.25/Engine/Binaries/Win64/
LogInit: Allocator: TBB
LogInit: Installed Engine Build: 1
LogDevObjectVersion: Number of dev versions registered: 26
LogDevObjectVersion:   Dev-Blueprints (B0D832E4-1F89-4F0D-ACCF-7EB736FD4AA2): 10
LogDevObjectVersion:   Dev-Build (E1C64328-A22C-4D53-A36C-8E866417BD8C): 0
LogDevObjectVersion:   Dev-Core (375EC13C-06E4-48FB-B500-84F0262A717E): 4
LogDevObjectVersion:   Dev-Editor (E4B068ED-F494-42E9-A231-DA0B2E46BB41): 38
LogDevObjectVersion:   Dev-Framework (CFFC743F-43B0-4480-9391-14DF171D2073): 37
LogDevObjectVersion:   Dev-Mobile (B02B49B5-BB20-44E9-A304-32B752E40360): 2
LogDevObjectVersion:   Dev-Networking (A4E4105C-59A1-49B5-A7C5-40C4547EDFEE): 0
LogDevObjectVersion:   Dev-Online (39C831C9-5AE6-47DC-9A44-9C173E1C8E7C): 0
LogDevObjectVersion:   Dev-Physics (78F01B33-EBEA-4F98-B9B4-84EACCB95AA2): 4
LogDevObjectVersion:   Dev-Platform (6631380F-2D4D-43E0-8009-CF276956A95A): 0
LogDevObjectVersion:   Dev-Rendering (12F88B9F-8875-4AFC-A67C-D90C383ABD29): 43
LogDevObjectVersion:   Dev-Sequencer (7B5AE74C-D270-4C10-A958-57980B212A5A): 12
LogDevObjectVersion:   Dev-VR (D7296918-1DD6-4BDD-9DE2-64A83CC13884): 3
LogDevObjectVersion:   Dev-LoadTimes (C2A15278-BFE7-4AFE-6C17-90FF531DF755): 1
LogDevObjectVersion:   Private-Geometry (6EACA3D4-40EC-4CC1-B786-8BED09428FC5): 3
LogDevObjectVersion:   Dev-AnimPhys (29E575DD-E0A3-4627-9D10-D276232CDCEA): 17
LogDevObjectVersion:   Dev-Anim (AF43A65D-7FD3-4947-9873-3E8ED9C1BB05): 7
LogDevObjectVersion:   Dev-ReflectionCapture (6B266CEC-1EC7-4B8F-A30B-E4D90942FC07): 1
LogDevObjectVersion:   Dev-Automation (0DF73D61-A23F-47EA-B727-89E90C41499A): 1
LogDevObjectVersion:   FortniteMain (601D1886-AC64-4F84-AA16-D3DE0DEAC7D6): 31
LogDevObjectVersion:   Dev-Enterprise (9DFFBCD6-494F-0158-E221-12823C92A888): 10
LogDevObjectVersion:   Dev-Niagara (F2AED0AC-9AFE-416F-8664-AA7FFA26D6FC): 1
LogDevObjectVersion:   Dev-Destruction (174F1F0B-B4C6-45A5-B13F-2EE8D0FB917D): 10
LogDevObjectVersion:   Dev-Physics-Ext (35F94A83-E258-406C-A318-09F59610247C): 37
LogDevObjectVersion:   Dev-PhysicsMaterial-Chaos (B68FC16E-8B1B-42E2-B453-215C058844FE): 1
LogDevObjectVersion:   Dev-CineCamera (B2E18506-4273-CFC2-A54E-F4BB758BBA07): 1
LogInit: Presizing for max 25165824 objects, including 0 objects not considered by GC, pre-allocating 0 bytes for permanent pool.
LogConfig: Applying CVar settings from Section [/Script/Engine.StreamingSettings] File [J:/Unreal Projects/VR/Saved/Config/Windows/Engine.ini]
LogConfig: Setting CVar [[s.MinBulkDataSizeForAsyncLoading:131072]]
LogConfig: Setting CVar [[s.AsyncLoadingThreadEnabled:0]]
LogConfig: Setting CVar [[s.EventDrivenLoaderEnabled:1]]
LogConfig: Setting CVar [[s.WarnIfTimeLimitExceeded:0]]
LogConfig: Setting CVar [[s.TimeLimitExceededMultiplier:1.5]]
LogConfig: Setting CVar [[s.TimeLimitExceededMinTime:0.005]]
LogConfig: Setting CVar [[s.UseBackgroundLevelStreaming:1]]
LogConfig: Setting CVar [[s.PriorityAsyncLoadingExtraTime:15.0]]
LogConfig: Setting CVar [[s.LevelStreamingActorsUpdateTimeLimit:5.0]]
LogConfig: Setting CVar [[s.PriorityLevelStreamingActorsUpdateExtraTime:5.0]]
LogConfig: Setting CVar [[s.LevelStreamingComponentsRegistrationGranularity:10]]
LogConfig: Setting CVar [[s.UnregisterComponentsTimeLimit:1.0]]
LogConfig: Setting CVar [[s.LevelStreamingComponentsUnregistrationGranularity:5]]
LogConfig: Setting CVar [[s.FlushStreamingOnExit:1]]
LogInit: Object subsystem initialized
LogConfig: Setting CVar [[con.DebugEarlyDefault:1]]
LogConfig: Setting CVar [[r.setres:1280x720]]
[2020.11.02-11.37.41:254][  0]LogConfig: Setting CVar [[r.VSync:0]]
[2020.11.02-11.37.41:254][  0]LogConfig: Setting CVar [[r.RHICmdBypass:0]]
[2020.11.02-11.37.41:254][  0]LogConfig: Applying CVar settings from Section [/Script/Engine.RendererSettings] File [J:/Unreal Projects/VR/Saved/Config/Windows/Engine.ini]
[2020.11.02-11.37.41:254][  0]LogConfig: Setting CVar [[r.GPUCrashDebugging:0]]
[2020.11.02-11.37.41:254][  0]LogConfig: Setting CVar [[r.DefaultFeature.AmbientOcclusion:0]]
[2020.11.02-11.37.41:254][  0]LogConfig: Setting CVar [[r.DefaultFeature.AmbientOcclusionStaticFraction:0]]
[2020.11.02-11.37.41:254][  0]LogConfig: Setting CVar [[vr.InstancedStereo:1]]
[2020.11.02-11.37.41:254][  0]LogConfig: Setting CVar [[r.SeparateTranslucency:0]]
[2020.11.02-11.37.41:254][  0]LogConfig: Setting CVar [[r.HZBOcclusion:0]]
[2020.11.02-11.37.41:254][  0]LogConfig: Setting CVar [[r.SSR.MaxRoughness:0]]
[2020.11.02-11.37.41:254][  0]LogConfig: Setting CVar [[r.rhicmdbypass:0]]
[2020.11.02-11.37.41:254][  0]LogConfig: Applying CVar settings from Section [/Script/Engine.RendererOverrideSettings] File [J:/Unreal Projects/VR/Saved/Config/Windows/Engine.ini]
[2020.11.02-11.37.41:254][  0]LogConfig: Applying CVar settings from Section [/Script/Engine.StreamingSettings] File [J:/Unreal Projects/VR/Saved/Config/Windows/Engine.ini]
[2020.11.02-11.37.41:254][  0]LogConfig: Setting CVar [[s.MinBulkDataSizeForAsyncLoading:131072]]
[2020.11.02-11.37.41:254][  0]LogConfig: Setting CVar [[s.AsyncLoadingThreadEnabled:0]]
[2020.11.02-11.37.41:254][  0]LogConfig: Setting CVar [[s.EventDrivenLoaderEnabled:1]]
[2020.11.02-11.37.41:255][  0]LogConfig: Setting CVar [[s.WarnIfTimeLimitExceeded:0]]
[2020.11.02-11.37.41:255][  0]LogConfig: Setting CVar [[s.TimeLimitExceededMultiplier:1.5]]
[2020.11.02-11.37.41:255][  0]LogConfig: Setting CVar [[s.TimeLimitExceededMinTime:0.005]]
[2020.11.02-11.37.41:255][  0]LogConfig: Setting CVar [[s.UseBackgroundLevelStreaming:1]]
[2020.11.02-11.37.41:255][  0]LogConfig: Setting CVar [[s.PriorityAsyncLoadingExtraTime:15.0]]
[2020.11.02-11.37.41:255][  0]LogConfig: Setting CVar [[s.LevelStreamingActorsUpdateTimeLimit:5.0]]
[2020.11.02-11.37.41:255][  0]LogConfig: Setting CVar [[s.PriorityLevelStreamingActorsUpdateExtraTime:5.0]]
[2020.11.02-11.37.41:255][  0]LogConfig: Setting CVar [[s.LevelStreamingComponentsRegistrationGranularity:10]]
[2020.11.02-11.37.41:255][  0]LogConfig: Setting CVar [[s.UnregisterComponentsTimeLimit:1.0]]
[2020.11.02-11.37.41:255][  0]LogConfig: Setting CVar [[s.LevelStreamingComponentsUnregistrationGranularity:5]]
[2020.11.02-11.37.41:255][  0]LogConfig: Setting CVar [[s.FlushStreamingOnExit:1]]
[2020.11.02-11.37.41:255][  0]LogConfig: Applying CVar settings from Section [/Script/Engine.GarbageCollectionSettings] File [J:/Unreal Projects/VR/Saved/Config/Windows/Engine.ini]
[2020.11.02-11.37.41:255][  0]LogConfig: Setting CVar [[gc.MaxObjectsNotConsideredByGC:1]]
[2020.11.02-11.37.41:255][  0]LogConfig: Setting CVar [[gc.SizeOfPermanentObjectPool:0]]
[2020.11.02-11.37.41:255][  0]LogConfig: Setting CVar [[gc.FlushStreamingOnGC:0]]
[2020.11.02-11.37.41:255][  0]LogConfig: Setting CVar [[gc.NumRetriesBeforeForcingGC:10]]
[2020.11.02-11.37.41:255][  0]LogConfig: Setting CVar [[gc.AllowParallelGC:1]]
[2020.11.02-11.37.41:255][  0]LogConfig: Setting CVar [[gc.TimeBetweenPurgingPendingKillObjects:61.1]]
[2020.11.02-11.37.41:255][  0]LogConfig: Setting CVar [[gc.MaxObjectsInEditor:25165824]]
[2020.11.02-11.37.41:255][  0]LogConfig: Setting CVar [[gc.IncrementalBeginDestroyEnabled:1]]
[2020.11.02-11.37.41:255][  0]LogConfig: Setting CVar [[gc.CreateGCClusters:1]]
[2020.11.02-11.37.41:255][  0]LogConfig: Setting CVar [[gc.MinGCClusterSize:5]]
[2020.11.02-11.37.41:255][  0]LogConfig: Setting CVar [[gc.ActorClusteringEnabled:0]]
[2020.11.02-11.37.41:255][  0]LogConfig: Setting CVar [[gc.BlueprintClusteringEnabled:0]]
[2020.11.02-11.37.41:255][  0]LogConfig: Setting CVar [[gc.UseDisregardForGCOnDedicatedServers:0]]
[2020.11.02-11.37.41:255][  0]LogConfig: Applying CVar settings from Section [/Script/Engine.NetworkSettings] File [J:/Unreal Projects/VR/Saved/Config/Windows/Engine.ini]
[2020.11.02-11.37.41:255][  0]LogConfig: Applying CVar settings from Section [/Script/UnrealEd.CookerSettings] File [J:/Unreal Projects/VR/Saved/Config/Windows/Engine.ini]
[2020.11.02-11.37.41:258][  0]LogConfig: Applying CVar settings from Section [ViewDistanceQuality@3] File [J:/Unreal Projects/VR/Saved/Config/Windows/Scalability.ini]
[2020.11.02-11.37.41:258][  0]LogConfig: Setting CVar [[r.SkeletalMeshLODBias:0]]
[2020.11.02-11.37.41:258][  0]LogConfig: Setting CVar [[r.ViewDistanceScale:1.0]]
[2020.11.02-11.37.41:258][  0]LogConfig: Applying CVar settings from Section [AntiAliasingQuality@3] File [J:/Unreal Projects/VR/Saved/Config/Windows/Scalability.ini]
[2020.11.02-11.37.41:258][  0]LogConfig: Setting CVar [[r.PostProcessAAQuality:3]]
[2020.11.02-11.37.41:258][  0]LogConfig: Applying CVar settings from Section [ShadowQuality@3] File [J:/Unreal Projects/VR/Saved/Config/Windows/Scalability.ini]
[2020.11.02-11.37.41:258][  0]LogConfig: Setting CVar [[r.LightFunctionQuality:1]]
[2020.11.02-11.37.41:258][  0]LogConfig: Setting CVar [[r.ShadowQuality:5]]
[2020.11.02-11.37.41:258][  0]LogConfig: Setting CVar [[r.Shadow.CSM.MaxCascades:10]]
[2020.11.02-11.37.41:258][  0]LogConfig: Setting CVar [[r.Shadow.MaxResolution:2048]]
[2020.11.02-11.37.41:258][  0]LogConfig: Setting CVar [[r.Shadow.MaxCSMResolution:2048]]
[2020.11.02-11.37.41:258][  0]LogConfig: Setting CVar [[r.Shadow.RadiusThreshold:0.01]]
[2020.11.02-11.37.41:258][  0]LogConfig: Setting CVar [[r.Shadow.DistanceScale:1.0]]
[2020.11.02-11.37.41:258][  0]LogConfig: Setting CVar [[r.Shadow.CSM.TransitionScale:1.0]]
[2020.11.02-11.37.41:258][  0]LogConfig: Setting CVar [[r.Shadow.PreShadowResolutionFactor:1.0]]
[2020.11.02-11.37.41:258][  0]LogConfig: Setting CVar [[r.DistanceFieldShadowing:1]]
[2020.11.02-11.37.41:258][  0]LogConfig: Setting CVar [[r.DistanceFieldAO:1]]
[2020.11.02-11.37.41:258][  0]LogConfig: Setting CVar [[r.AOQuality:2]]
[2020.11.02-11.37.41:258][  0]LogConfig: Setting CVar [[r.VolumetricFog:1]]
[2020.11.02-11.37.41:258][  0]LogConfig: Setting CVar [[r.VolumetricFog.GridPixelSize:8]]
[2020.11.02-11.37.41:258][  0]LogConfig: Setting CVar [[r.VolumetricFog.GridSizeZ:128]]
[2020.11.02-11.37.41:258][  0]LogConfig: Setting CVar [[r.VolumetricFog.HistoryMissSupersampleCount:4]]
[2020.11.02-11.37.41:258][  0]LogConfig: Setting CVar [[r.LightMaxDrawDistanceScale:1]]
[2020.11.02-11.37.41:258][  0]LogConfig: Setting CVar [[r.CapsuleShadows:1]]
[2020.11.02-11.37.41:258][  0]LogConfig: Applying CVar settings from Section [PostProcessQuality@3] File [J:/Unreal Projects/VR/Saved/Config/Windows/Scalability.ini]
[2020.11.02-11.37.41:258][  0]LogConfig: Setting CVar [[r.MotionBlurQuality:0]]
[2020.11.02-11.37.41:259][  0]LogConfig: Setting CVar [[r.AmbientOcclusionMipLevelFactor:0.4]]
[2020.11.02-11.37.41:259][  0]LogConfig: Setting CVar [[r.AmbientOcclusionMaxQuality:100]]
[2020.11.02-11.37.41:259][  0]LogConfig: Setting CVar [[r.AmbientOcclusionLevels:0]]
[2020.11.02-11.37.41:259][  0]LogConfig: Setting CVar [[r.AmbientOcclusionRadiusScale:1.0]]
[2020.11.02-11.37.41:259][  0]LogConfig: Setting CVar [[r.DepthOfFieldQuality:0]]
[2020.11.02-11.37.41:259][  0]LogConfig: Setting CVar [[r.RenderTargetPoolMin:400]]
[2020.11.02-11.37.41:259][  0]LogConfig: Setting CVar [[r.LensFlareQuality:0]]
[2020.11.02-11.37.41:259][  0]LogConfig: Setting CVar [[r.SceneColorFringeQuality:0]]
[2020.11.02-11.37.41:259][  0]LogConfig: Setting CVar [[r.EyeAdaptationQuality:2]]
[2020.11.02-11.37.41:259][  0]LogConfig: Setting CVar [[r.BloomQuality:1]]
[2020.11.02-11.37.41:259][  0]LogConfig: Setting CVar [[r.FastBlurThreshold:0]]
[2020.11.02-11.37.41:259][  0]LogConfig: Setting CVar [[r.Upscale.Quality:3]]
[2020.11.02-11.37.41:259][  0]LogConfig: Setting CVar [[r.Tonemapper.GrainQuantization:1]]
[2020.11.02-11.37.41:259][  0]LogConfig: Setting CVar [[r.LightShaftQuality:1]]
[2020.11.02-11.37.41:259][  0]LogConfig: Setting CVar [[r.Filter.SizeScale:1]]
[2020.11.02-11.37.41:259][  0]LogConfig: Setting CVar [[r.Tonemapper.Quality:5]]
[2020.11.02-11.37.41:259][  0]LogConfig: Setting CVar [[r.DOF.Gather.AccumulatorQuality:1        ; higher gathering accumulator quality]]
[2020.11.02-11.37.41:259][  0]LogConfig: Setting CVar [[r.DOF.Gather.PostfilterMethod:1          ; Median3x3 postfilering method]]
[2020.11.02-11.37.41:259][  0]LogConfig: Setting CVar [[r.DOF.Gather.EnableBokehSettings:0       ; no bokeh simulation when gathering]]
[2020.11.02-11.37.41:259][  0]LogConfig: Setting CVar [[r.DOF.Gather.RingCount:4                 ; medium number of samples when gathering]]
[2020.11.02-11.37.41:259][  0]LogConfig: Setting CVar [[r.DOF.Scatter.ForegroundCompositing:1    ; additive foreground scattering]]
[2020.11.02-11.37.41:259][  0]LogConfig: Setting CVar [[r.DOF.Scatter.BackgroundCompositing:2    ; additive background scattering]]
[2020.11.02-11.37.41:259][  0]LogConfig: Setting CVar [[r.DOF.Scatter.EnableBokehSettings:1      ; bokeh simulation when scattering]]
[2020.11.02-11.37.41:259][  0]LogConfig: Setting CVar [[r.DOF.Scatter.MaxSpriteRatio:0.1         ; only a maximum of 10% of scattered bokeh]]
[2020.11.02-11.37.41:259][  0]LogConfig: Setting CVar [[r.DOF.Recombine.Quality:1                ; cheap slight out of focus]]
[2020.11.02-11.37.41:259][  0]LogConfig: Setting CVar [[r.DOF.Recombine.EnableBokehSettings:0    ; no bokeh simulation on slight out of focus]]
[2020.11.02-11.37.41:259][  0]LogConfig: Setting CVar [[r.DOF.TemporalAAQuality:1                ; more stable temporal accumulation]]
[2020.11.02-11.37.41:259][  0]LogConfig: Setting CVar [[r.DOF.Kernel.MaxForegroundRadius:0.025]]
[2020.11.02-11.37.41:259][  0]LogConfig: Setting CVar [[r.DOF.Kernel.MaxBackgroundRadius:0.025]]
[2020.11.02-11.37.41:259][  0]LogConfig: Applying CVar settings from Section [TextureQuality@3] File [J:/Unreal Projects/VR/Saved/Config/Windows/Scalability.ini]
[2020.11.02-11.37.41:259][  0]LogConfig: Setting CVar [[r.Streaming.MipBias:0]]
[2020.11.02-11.37.41:259][  0]LogConfig: Setting CVar [[r.Streaming.AmortizeCPUToGPUCopy:0]]
[2020.11.02-11.37.41:259][  0]LogConfig: Setting CVar [[r.Streaming.MaxNumTexturesToStreamPerFrame:0]]
[2020.11.02-11.37.41:259][  0]LogConfig: Setting CVar [[r.Streaming.Boost:1]]
[2020.11.02-11.37.41:259][  0]LogConfig: Setting CVar [[r.MaxAnisotropy:8]]
[2020.11.02-11.37.41:259][  0]LogConfig: Setting CVar [[r.VT.MaxAnisotropy:8]]
[2020.11.02-11.37.41:259][  0]LogConfig: Setting CVar [[r.Streaming.LimitPoolSizeToVRAM:0]]
[2020.11.02-11.37.41:259][  0]LogConfig: Setting CVar [[r.Streaming.PoolSize:1000]]
[2020.11.02-11.37.41:259][  0]LogConfig: Setting CVar [[r.Streaming.MaxEffectiveScreenSize:0]]
[2020.11.02-11.37.41:259][  0]LogConfig: Applying CVar settings from Section [EffectsQuality@3] File [J:/Unreal Projects/VR/Saved/Config/Windows/Scalability.ini]
[2020.11.02-11.37.41:259][  0]LogConfig: Setting CVar [[r.TranslucencyLightingVolumeDim:4]]
[2020.11.02-11.37.41:259][  0]LogConfig: Setting CVar [[r.RefractionQuality:2]]
[2020.11.02-11.37.41:259][  0]LogConfig: Setting CVar [[r.SSR.Quality:0]]
[2020.11.02-11.37.41:259][  0]LogConfig: Setting CVar [[r.SSR.HalfResSceneColor:0]]
[2020.11.02-11.37.41:259][  0]LogConfig: Setting CVar [[r.SceneColorFormat:2]]
[2020.11.02-11.37.41:259][  0]LogConfig: Setting CVar [[r.DetailMode:2]]
[2020.11.02-11.37.41:259][  0]LogConfig: Setting CVar [[r.TranslucencyVolumeBlur:0]]
[2020.11.02-11.37.41:259][  0]LogConfig: Setting CVar [[r.MaterialQualityLevel:1 ; High quality]]
[2020.11.02-11.37.41:259][  0]LogConfig: Setting CVar [[r.SSS.Scale:1]]
[2020.11.02-11.37.41:259][  0]LogConfig: Setting CVar [[r.SSS.SampleSet:2]]
[2020.11.02-11.37.41:259][  0]LogConfig: Setting CVar [[r.SSS.Quality:1]]
[2020.11.02-11.37.41:260][  0]LogConfig: Setting CVar [[r.SSS.HalfRes:0]]
[2020.11.02-11.37.41:260][  0]LogConfig: Setting CVar [[r.SSGI.Quality:3]]
[2020.11.02-11.37.41:260][  0]LogConfig: Setting CVar [[r.EmitterSpawnRateScale:1.0]]
[2020.11.02-11.37.41:260][  0]LogConfig: Setting CVar [[r.ParticleLightQuality:2]]
[2020.11.02-11.37.41:260][  0]LogConfig: Setting CVar [[r.SkyAtmosphere.AerialPerspectiveLUT.FastApplyOnOpaque:1 ; Always have FastSkyLUT 1 in this case to avoid wrong sky]]
[2020.11.02-11.37.41:260][  0]LogConfig: Setting CVar [[r.SkyAtmosphere.AerialPerspectiveLUT.SampleCountPerSlice:1]]
[2020.11.02-11.37.41:260][  0]LogConfig: Setting CVar [[r.SkyAtmosphere.AerialPerspectiveLUT.DepthResolution:16.0]]
[2020.11.02-11.37.41:260][  0]LogConfig: Setting CVar [[r.SkyAtmosphere.FastSkyLUT:1]]
[2020.11.02-11.37.41:260][  0]LogConfig: Setting CVar [[r.SkyAtmosphere.FastSkyLUT.SampleCountMin:4.0]]
[2020.11.02-11.37.41:260][  0]LogConfig: Setting CVar [[r.SkyAtmosphere.FastSkyLUT.SampleCountMax:32.0]]
[2020.11.02-11.37.41:260][  0]LogConfig: Setting CVar [[r.SkyAtmosphere.SampleCountMin:4.0]]
[2020.11.02-11.37.41:260][  0]LogConfig: Setting CVar [[r.SkyAtmosphere.SampleCountMax:32.0]]
[2020.11.02-11.37.41:260][  0]LogConfig: Setting CVar [[r.SkyAtmosphere.TransmittanceLUT.UseSmallFormat:0]]
[2020.11.02-11.37.41:260][  0]LogConfig: Setting CVar [[r.SkyAtmosphere.TransmittanceLUT.SampleCount:10.0]]
[2020.11.02-11.37.41:260][  0]LogConfig: Setting CVar [[r.SkyAtmosphere.MultiScatteringLUT.SampleCount:15.0]]
[2020.11.02-11.37.41:260][  0]LogConfig: Applying CVar settings from Section [FoliageQuality@3] File [J:/Unreal Projects/VR/Saved/Config/Windows/Scalability.ini]
[2020.11.02-11.37.41:260][  0]LogConfig: Setting CVar [[foliage.DensityScale:1.0]]
[2020.11.02-11.37.41:261][  0]LogConfig: Setting CVar [[grass.DensityScale:1.0]]
[2020.11.02-11.37.41:261][  0]LogConfig: Applying CVar settings from Section [ShadingQuality@3] File [J:/Unreal Projects/VR/Saved/Config/Windows/Scalability.ini]
[2020.11.02-11.37.41:261][  0]LogConfig: Setting CVar [[r.HairStrands.SkyLighting.SampleCount:16]]
[2020.11.02-11.37.41:261][  0]LogConfig: Setting CVar [[r.HairStrands.SkyLighting.JitterIntegration:0]]
[2020.11.02-11.37.41:261][  0]LogConfig: Setting CVar [[r.HairStrands.SkyAO.SampleCount:16]]
[2020.11.02-11.37.41:261][  0]LogConfig: Setting CVar [[r.HairStrands.DeepShadow.SuperSampling:0]]
[2020.11.02-11.37.41:261][  0]LogConfig: Setting CVar [[r.HairStrands.VisibilityPPLL:0]]
[2020.11.02-11.37.41:261][  0]LogConfig: Setting CVar [[r.HairStrands.RasterizationScale:0.5]]
[2020.11.02-11.37.41:261][  0]LogConfig: Setting CVar [[r.HairStrands.VelocityRasterizationScale:1]]
[2020.11.02-11.37.41:261][  0]LogInit: Selected Device Profile: [Windows]
[2020.11.02-11.37.41:261][  0]LogInit: Applying CVar settings loaded from the selected device profile: [Windows]
[2020.11.02-11.37.41:261][  0]LogHAL: Display: Platform has ~ 16 GB [17054289920 / 17179869184 / 16], which maps to Larger [LargestMinGB=32, LargerMinGB=12, DefaultMinGB=8, SmallerMinGB=6, SmallestMinGB=0)
[2020.11.02-11.37.41:261][  0]LogInit: Going up to parent DeviceProfile []
[2020.11.02-11.37.41:261][  0]LogConfig: Applying CVar settings from Section [ViewDistanceQuality@3] File [J:/Unreal Projects/VR/Saved/Config/Windows/Scalability.ini]
[2020.11.02-11.37.41:261][  0]LogConfig: Setting CVar [[r.SkeletalMeshLODBias:0]]
[2020.11.02-11.37.41:261][  0]LogConfig: Setting CVar [[r.ViewDistanceScale:1.0]]
[2020.11.02-11.37.41:261][  0]LogConfig: Applying CVar settings from Section [AntiAliasingQuality@3] File [J:/Unreal Projects/VR/Saved/Config/Windows/Scalability.ini]
[2020.11.02-11.37.41:261][  0]LogConfig: Setting CVar [[r.PostProcessAAQuality:3]]
[2020.11.02-11.37.41:261][  0]LogConfig: Applying CVar settings from Section [ShadowQuality@3] File [J:/Unreal Projects/VR/Saved/Config/Windows/Scalability.ini]
[2020.11.02-11.37.41:262][  0]LogConfig: Setting CVar [[r.LightFunctionQuality:1]]
[2020.11.02-11.37.41:262][  0]LogConfig: Setting CVar [[r.ShadowQuality:5]]
[2020.11.02-11.37.41:262][  0]LogConfig: Setting CVar [[r.Shadow.CSM.MaxCascades:10]]
[2020.11.02-11.37.41:262][  0]LogConfig: Setting CVar [[r.Shadow.MaxResolution:2048]]
[2020.11.02-11.37.41:262][  0]LogConfig: Setting CVar [[r.Shadow.MaxCSMResolution:2048]]
[2020.11.02-11.37.41:262][  0]LogConfig: Setting CVar [[r.Shadow.RadiusThreshold:0.01]]
[2020.11.02-11.37.41:262][  0]LogConfig: Setting CVar [[r.Shadow.DistanceScale:1.0]]
[2020.11.02-11.37.41:262][  0]LogConfig: Setting CVar [[r.Shadow.CSM.TransitionScale:1.0]]
[2020.11.02-11.37.41:262][  0]LogConfig: Setting CVar [[r.Shadow.PreShadowResolutionFactor:1.0]]
[2020.11.02-11.37.41:262][  0]LogConfig: Setting CVar [[r.DistanceFieldShadowing:1]]
[2020.11.02-11.37.41:262][  0]LogConfig: Setting CVar [[r.DistanceFieldAO:1]]
[2020.11.02-11.37.41:262][  0]LogConfig: Setting CVar [[r.AOQuality:2]]
[2020.11.02-11.37.41:262][  0]LogConfig: Setting CVar [[r.VolumetricFog:1]]
[2020.11.02-11.37.41:262][  0]LogConfig: Setting CVar [[r.VolumetricFog.GridPixelSize:8]]
[2020.11.02-11.37.41:262][  0]LogConfig: Setting CVar [[r.VolumetricFog.GridSizeZ:128]]
[2020.11.02-11.37.41:262][  0]LogConfig: Setting CVar [[r.VolumetricFog.HistoryMissSupersampleCount:4]]
[2020.11.02-11.37.41:262][  0]LogConfig: Setting CVar [[r.LightMaxDrawDistanceScale:1]]
[2020.11.02-11.37.41:262][  0]LogConfig: Setting CVar [[r.CapsuleShadows:1]]
[2020.11.02-11.37.41:262][  0]LogConfig: Applying CVar settings from Section [PostProcessQuality@3] File [J:/Unreal Projects/VR/Saved/Config/Windows/Scalability.ini]
[2020.11.02-11.37.41:262][  0]LogConfig: Setting CVar [[r.MotionBlurQuality:0]]
[2020.11.02-11.37.41:262][  0]LogConfig: Setting CVar [[r.AmbientOcclusionMipLevelFactor:0.4]]
[2020.11.02-11.37.41:262][  0]LogConfig: Setting CVar [[r.AmbientOcclusionMaxQuality:100]]
[2020.11.02-11.37.41:262][  0]LogConfig: Setting CVar [[r.AmbientOcclusionLevels:0]]
[2020.11.02-11.37.41:262][  0]LogConfig: Setting CVar [[r.AmbientOcclusionRadiusScale:1.0]]
[2020.11.02-11.37.41:262][  0]LogConfig: Setting CVar [[r.DepthOfFieldQuality:0]]
[2020.11.02-11.37.41:262][  0]LogConfig: Setting CVar [[r.RenderTargetPoolMin:400]]
[2020.11.02-11.37.41:262][  0]LogConfig: Setting CVar [[r.LensFlareQuality:0]]
[2020.11.02-11.37.41:262][  0]LogConfig: Setting CVar [[r.SceneColorFringeQuality:0]]
[2020.11.02-11.37.41:262][  0]LogConfig: Setting CVar [[r.EyeAdaptationQuality:2]]
[2020.11.02-11.37.41:262][  0]LogConfig: Setting CVar [[r.BloomQuality:1]]
[2020.11.02-11.37.41:262][  0]LogConfig: Setting CVar [[r.FastBlurThreshold:0]]
[2020.11.02-11.37.41:262][  0]LogConfig: Setting CVar [[r.Upscale.Quality:3]]
[2020.11.02-11.37.41:262][  0]LogConfig: Setting CVar [[r.Tonemapper.GrainQuantization:1]]
[2020.11.02-11.37.41:262][  0]LogConfig: Setting CVar [[r.LightShaftQuality:1]]
[2020.11.02-11.37.41:262][  0]LogConfig: Setting CVar [[r.Filter.SizeScale:1]]
[2020.11.02-11.37.41:262][  0]LogConfig: Setting CVar [[r.Tonemapper.Quality:5]]
[2020.11.02-11.37.41:262][  0]LogConfig: Setting CVar [[r.DOF.Gather.AccumulatorQuality:1        ; higher gathering accumulator quality]]
[2020.11.02-11.37.41:262][  0]LogConfig: Setting CVar [[r.DOF.Gather.PostfilterMethod:1          ; Median3x3 postfilering method]]
[2020.11.02-11.37.41:262][  0]LogConfig: Setting CVar [[r.DOF.Gather.EnableBokehSettings:0       ; no bokeh simulation when gathering]]
[2020.11.02-11.37.41:262][  0]LogConfig: Setting CVar [[r.DOF.Gather.RingCount:4                 ; medium number of samples when gathering]]
[2020.11.02-11.37.41:262][  0]LogConfig: Setting CVar [[r.DOF.Scatter.ForegroundCompositing:1    ; additive foreground scattering]]
[2020.11.02-11.37.41:262][  0]LogConfig: Setting CVar [[r.DOF.Scatter.BackgroundCompositing:2    ; additive background scattering]]
[2020.11.02-11.37.41:262][  0]LogConfig: Setting CVar [[r.DOF.Scatter.EnableBokehSettings:1      ; bokeh simulation when scattering]]
[2020.11.02-11.37.41:262][  0]LogConfig: Setting CVar [[r.DOF.Scatter.MaxSpriteRatio:0.1         ; only a maximum of 10% of scattered bokeh]]
[2020.11.02-11.37.41:262][  0]LogConfig: Setting CVar [[r.DOF.Recombine.Quality:1                ; cheap slight out of focus]]
[2020.11.02-11.37.41:262][  0]LogConfig: Setting CVar [[r.DOF.Recombine.EnableBokehSettings:0    ; no bokeh simulation on slight out of focus]]
[2020.11.02-11.37.41:262][  0]LogConfig: Setting CVar [[r.DOF.TemporalAAQuality:1                ; more stable temporal accumulation]]
[2020.11.02-11.37.41:262][  0]LogConfig: Setting CVar [[r.DOF.Kernel.MaxForegroundRadius:0.025]]
[2020.11.02-11.37.41:262][  0]LogConfig: Setting CVar [[r.DOF.Kernel.MaxBackgroundRadius:0.025]]
[2020.11.02-11.37.41:262][  0]LogConfig: Applying CVar settings from Section [TextureQuality@3] File [J:/Unreal Projects/VR/Saved/Config/Windows/Scalability.ini]
[2020.11.02-11.37.41:262][  0]LogConfig: Setting CVar [[r.Streaming.MipBias:0]]
[2020.11.02-11.37.41:262][  0]LogConfig: Setting CVar [[r.Streaming.AmortizeCPUToGPUCopy:0]]
[2020.11.02-11.37.41:262][  0]LogConfig: Setting CVar [[r.Streaming.MaxNumTexturesToStreamPerFrame:0]]
[2020.11.02-11.37.41:262][  0]LogConfig: Setting CVar [[r.Streaming.Boost:1]]
[2020.11.02-11.37.41:263][  0]LogConfig: Setting CVar [[r.MaxAnisotropy:8]]
[2020.11.02-11.37.41:263][  0]LogConfig: Setting CVar [[r.VT.MaxAnisotropy:8]]
[2020.11.02-11.37.41:263][  0]LogConfig: Setting CVar [[r.Streaming.LimitPoolSizeToVRAM:0]]
[2020.11.02-11.37.41:263][  0]LogConfig: Setting CVar [[r.Streaming.PoolSize:1000]]
[2020.11.02-11.37.41:263][  0]LogConfig: Setting CVar [[r.Streaming.MaxEffectiveScreenSize:0]]
[2020.11.02-11.37.41:263][  0]LogConfig: Applying CVar settings from Section [EffectsQuality@3] File [J:/Unreal Projects/VR/Saved/Config/Windows/Scalability.ini]
[2020.11.02-11.37.41:263][  0]LogConfig: Setting CVar [[r.TranslucencyLightingVolumeDim:4]]
[2020.11.02-11.37.41:263][  0]LogConfig: Setting CVar [[r.RefractionQuality:2]]
[2020.11.02-11.37.41:263][  0]LogConfig: Setting CVar [[r.SSR.Quality:0]]
[2020.11.02-11.37.41:263][  0]LogConfig: Setting CVar [[r.SSR.HalfResSceneColor:0]]
[2020.11.02-11.37.41:263][  0]LogConfig: Setting CVar [[r.SceneColorFormat:2]]
[2020.11.02-11.37.41:263][  0]LogConfig: Setting CVar [[r.DetailMode:2]]
[2020.11.02-11.37.41:263][  0]LogConfig: Setting CVar [[r.TranslucencyVolumeBlur:0]]
[2020.11.02-11.37.41:263][  0]LogConfig: Setting CVar [[r.MaterialQualityLevel:1 ; High quality]]
[2020.11.02-11.37.41:263][  0]LogConfig: Setting CVar [[r.SSS.Scale:1]]
[2020.11.02-11.37.41:263][  0]LogConfig: Setting CVar [[r.SSS.SampleSet:2]]
[2020.11.02-11.37.41:263][  0]LogConfig: Setting CVar [[r.SSS.Quality:1]]
[2020.11.02-11.37.41:263][  0]LogConfig: Setting CVar [[r.SSS.HalfRes:0]]
[2020.11.02-11.37.41:263][  0]LogConfig: Setting CVar [[r.SSGI.Quality:3]]
[2020.11.02-11.37.41:263][  0]LogConfig: Setting CVar [[r.EmitterSpawnRateScale:1.0]]
[2020.11.02-11.37.41:263][  0]LogConfig: Setting CVar [[r.ParticleLightQuality:2]]
[2020.11.02-11.37.41:263][  0]LogConfig: Setting CVar [[r.SkyAtmosphere.AerialPerspectiveLUT.FastApplyOnOpaque:1 ; Always have FastSkyLUT 1 in this case to avoid wrong sky]]
[2020.11.02-11.37.41:263][  0]LogConfig: Setting CVar [[r.SkyAtmosphere.AerialPerspectiveLUT.SampleCountPerSlice:1]]
[2020.11.02-11.37.41:263][  0]LogConfig: Setting CVar [[r.SkyAtmosphere.AerialPerspectiveLUT.DepthResolution:16.0]]
[2020.11.02-11.37.41:263][  0]LogConfig: Setting CVar [[r.SkyAtmosphere.FastSkyLUT:1]]
[2020.11.02-11.37.41:263][  0]LogConfig: Setting CVar [[r.SkyAtmosphere.FastSkyLUT.SampleCountMin:4.0]]
[2020.11.02-11.37.41:263][  0]LogConfig: Setting CVar [[r.SkyAtmosphere.FastSkyLUT.SampleCountMax:32.0]]
[2020.11.02-11.37.41:263][  0]LogConfig: Setting CVar [[r.SkyAtmosphere.SampleCountMin:4.0]]
[2020.11.02-11.37.41:263][  0]LogConfig: Setting CVar [[r.SkyAtmosphere.SampleCountMax:32.0]]
[2020.11.02-11.37.41:263][  0]LogConfig: Setting CVar [[r.SkyAtmosphere.TransmittanceLUT.UseSmallFormat:0]]
[2020.11.02-11.37.41:263][  0]LogConfig: Setting CVar [[r.SkyAtmosphere.TransmittanceLUT.SampleCount:10.0]]
[2020.11.02-11.37.41:263][  0]LogConfig: Setting CVar [[r.SkyAtmosphere.MultiScatteringLUT.SampleCount:15.0]]
[2020.11.02-11.37.41:264][  0]LogConfig: Applying CVar settings from Section [FoliageQuality@3] File [J:/Unreal Projects/VR/Saved/Config/Windows/Scalability.ini]
[2020.11.02-11.37.41:264][  0]LogConfig: Setting CVar [[foliage.DensityScale:1.0]]
[2020.11.02-11.37.41:264][  0]LogConfig: Setting CVar [[grass.DensityScale:1.0]]
[2020.11.02-11.37.41:264][  0]LogConfig: Applying CVar settings from Section [ShadingQuality@3] File [J:/Unreal Projects/VR/Saved/Config/Windows/Scalability.ini]
[2020.11.02-11.37.41:264][  0]LogConfig: Setting CVar [[r.HairStrands.SkyLighting.SampleCount:16]]
[2020.11.02-11.37.41:264][  0]LogConfig: Setting CVar [[r.HairStrands.SkyLighting.JitterIntegration:0]]
[2020.11.02-11.37.41:264][  0]LogConfig: Setting CVar [[r.HairStrands.SkyAO.SampleCount:16]]
[2020.11.02-11.37.41:264][  0]LogConfig: Setting CVar [[r.HairStrands.DeepShadow.SuperSampling:0]]
[2020.11.02-11.37.41:264][  0]LogConfig: Setting CVar [[r.HairStrands.VisibilityPPLL:0]]
[2020.11.02-11.37.41:264][  0]LogConfig: Setting CVar [[r.HairStrands.RasterizationScale:0.5]]
[2020.11.02-11.37.41:264][  0]LogConfig: Setting CVar [[r.HairStrands.VelocityRasterizationScale:1]]
[2020.11.02-11.37.41:264][  0]LogConfig: Applying CVar settings from Section [Startup] File [../../../Engine/Config/ConsoleVariables.ini]
[2020.11.02-11.37.41:264][  0]LogConfig: Setting CVar [[net.UseAdaptiveNetUpdateFrequency:0]]
[2020.11.02-11.37.41:264][  0]LogConfig: Setting CVar [[p.chaos.AllowCreatePhysxBodies:1]]
[2020.11.02-11.37.41:264][  0]LogConfig: Setting CVar [[fx.SkipVectorVMBackendOptimizations:1]]
[2020.11.02-11.37.41:264][  0]LogConfig: Applying CVar settings from Section [ConsoleVariables] File [J:/Unreal Projects/VR/Saved/Config/Windows/Engine.ini]
[2020.11.02-11.37.41:264][  0]LogInit: Computer: BEST-KOMP
[2020.11.02-11.37.41:264][  0]LogInit: User: Admin
[2020.11.02-11.37.41:265][  0]LogInit: CPU Page size=4096, Cores=4
[2020.11.02-11.37.41:265][  0]LogInit: High frequency timer resolution =10.000000 MHz
[2020.11.02-11.37.41:265][  0]LogMemory: Memory total: Physical=15.9GB (16GB approx)
[2020.11.02-11.37.41:265][  0]LogMemory: Platform Memory Stats for Windows
[2020.11.02-11.37.41:265][  0]LogMemory: Process Physical Memory: 112.79 MB used, 112.80 MB peak
[2020.11.02-11.37.41:265][  0]LogMemory: Process Virtual Memory: 96.02 MB used, 96.02 MB peak
[2020.11.02-11.37.41:265][  0]LogMemory: Physical Memory: 8867.42 MB used,  7396.82 MB free, 16264.24 MB total
[2020.11.02-11.37.41:265][  0]LogMemory: Virtual Memory: 5143.14 MB used,  134212584.00 MB free, 134217728.00 MB total
[2020.11.02-11.37.41:273][  0]LogWindows: WindowsPlatformFeatures enabled
[2020.11.02-11.37.41:341][  0]LogInit: Physics initialised using underlying interface: PhysX
[2020.11.02-11.37.41:342][  0]LogInit: Using OS detected language (ru-RU).
[2020.11.02-11.37.41:342][  0]LogInit: Using OS detected locale (ru-RU).
[2020.11.02-11.37.41:344][  0]LogTextLocalizationManager: No specific localization for 'ru-RU' exists, so the 'ru' localization will be used.
[2020.11.02-11.37.41:345][  0]LogTextLocalizationResource: LocRes '../../../Engine/Content/Localization/Editor/ru/Editor.locres' could not be opened for reading!
[2020.11.02-11.37.41:345][  0]LogTextLocalizationResource: LocRes '../../../Engine/Content/Localization/EditorTutorials/ru/EditorTutorials.locres' could not be opened for reading!
[2020.11.02-11.37.41:345][  0]LogTextLocalizationResource: LocRes '../../../Engine/Content/Localization/Keywords/ru/Keywords.locres' could not be opened for reading!
[2020.11.02-11.37.41:345][  0]LogTextLocalizationResource: LocRes '../../../Engine/Content/Localization/Category/ru/Category.locres' could not be opened for reading!
[2020.11.02-11.37.41:345][  0]LogTextLocalizationResource: LocRes '../../../Engine/Content/Localization/ToolTips/ru/ToolTips.locres' could not be opened for reading!
[2020.11.02-11.37.41:345][  0]LogTextLocalizationResource: LocRes '../../../Engine/Content/Localization/PropertyNames/ru/PropertyNames.locres' could not be opened for reading!
[2020.11.02-11.37.41:345][  0]LogTextLocalizationResource: LocRes '../../../Engine/Content/Localization/Engine/ru/Engine.locres' could not be opened for reading!
[2020.11.02-11.37.41:347][  0]LogInit: Setting process to per monitor DPI aware
[2020.11.02-11.37.41:381][  0]LogSlate: New Slate User Created.  User Index 0, Is Virtual User: 0
[2020.11.02-11.37.41:381][  0]LogSlate: Slate User Registered.  User Index 0, Is Virtual User: 0
[2020.11.02-11.37.41:594][  0]LogHMD: Failed to initialize OpenVR with code 110
[2020.11.02-11.37.41:594][  0]LogD3D11RHI: D3D11 min allowed feature level: 11_0
[2020.11.02-11.37.41:594][  0]LogD3D11RHI: D3D11 max allowed feature level: 11_0
[2020.11.02-11.37.41:594][  0]LogD3D11RHI: D3D11 adapters:
[2020.11.02-11.37.41:706][  0]LogD3D11RHI:    0. 'NVIDIA GeForce GTX 1650' (Feature Level 11_0)
[2020.11.02-11.37.41:706][  0]LogD3D11RHI:       3962/0/8132 MB DedicatedVideo/DedicatedSystem/SharedSystem, Outputs:1, VendorId:0x10de
[2020.11.02-11.37.41:735][  0]LogD3D11RHI:    1. 'Intel(R) UHD Graphics 630' (Feature Level 11_0)
[2020.11.02-11.37.41:735][  0]LogD3D11RHI:       128/0/8132 MB DedicatedVideo/DedicatedSystem/SharedSystem, Outputs:0, VendorId:0x8086
[2020.11.02-11.37.41:738][  0]LogD3D11RHI:    2. 'Microsoft Basic Render Driver' (Feature Level 11_0)
[2020.11.02-11.37.41:738][  0]LogD3D11RHI:       0/0/8132 MB DedicatedVideo/DedicatedSystem/SharedSystem, Outputs:0, VendorId:0x1414
[2020.11.02-11.37.41:738][  0]LogD3D11RHI: Chosen D3D11 Adapter: 0
[2020.11.02-11.37.41:746][  0]LogD3D11RHI: Creating new Direct3DDevice
[2020.11.02-11.37.41:746][  0]LogD3D11RHI:     GPU DeviceId: 0x1f91 (for the marketing name, search the web for "GPU Device Id")
[2020.11.02-11.37.41:746][  0]LogWindows: EnumDisplayDevices:
[2020.11.02-11.37.41:747][  0]LogWindows:    0. 'Intel(R) UHD Graphics 630' (P:1 D:1)
[2020.11.02-11.37.41:747][  0]LogWindows:    1. 'Intel(R) UHD Graphics 630' (P:0 D:0)
[2020.11.02-11.37.41:747][  0]LogWindows:    2. 'Intel(R) UHD Graphics 630' (P:0 D:0)
[2020.11.02-11.37.41:747][  0]LogWindows:    3. 'NVIDIA GeForce GTX 1650' (P:0 D:0)
[2020.11.02-11.37.41:748][  0]LogWindows: DebugString: PrimaryIsNotTheChoosenAdapter PrimaryIsNotTheChoosenAdapter PrimaryIsNotTheChoosenAdapter 
[2020.11.02-11.37.41:748][  0]LogD3D11RHI:     Adapter Name: NVIDIA GeForce GTX 1650
[2020.11.02-11.37.41:748][  0]LogD3D11RHI:   Driver Version: 456.71 (internal:27.21.14.5671, unified:456.71)
[2020.11.02-11.37.41:748][  0]LogD3D11RHI:      Driver Date: 9-30-2020
[2020.11.02-11.37.41:748][  0]LogRHI: Texture pool is 2773 MB (70% of 3962 MB)
[2020.11.02-11.37.41:815][  0]LogD3D11RHI: RHI has support for 64 bit atomics
[2020.11.02-11.37.41:818][  0]LogD3D11RHI: [Aftermath] Enabled and primed
[2020.11.02-11.37.41:818][  0]LogD3D11RHI: Async texture creation enabled
[2020.11.02-11.37.41:818][  0]LogD3D11RHI: Array index from any shader is supported
[2020.11.02-11.37.41:848][  0]LogD3D11RHI: GPU Timing Frequency: 1000.000000 (Debug: 2 1)
[2020.11.02-11.37.42:336][  0]LogTargetPlatformManager: Display: Loaded TargetPlatform 'AllDesktop'
[2020.11.02-11.37.42:375][  0]LogTargetPlatformManager: Display: Loaded TargetPlatform 'Android'
[2020.11.02-11.37.42:375][  0]LogTargetPlatformManager: Display: Loaded TargetPlatform 'Android_ASTC'
[2020.11.02-11.37.42:375][  0]LogTargetPlatformManager: Display: Loaded TargetPlatform 'Android_DXT'
[2020.11.02-11.37.42:375][  0]LogTargetPlatformManager: Display: Loaded TargetPlatform 'Android_ETC2'
[2020.11.02-11.37.42:375][  0]LogTargetPlatformManager: Display: Loaded TargetPlatform 'AndroidClient'
[2020.11.02-11.37.42:375][  0]LogTargetPlatformManager: Display: Loaded TargetPlatform 'Android_ASTCClient'
[2020.11.02-11.37.42:375][  0]LogTargetPlatformManager: Display: Loaded TargetPlatform 'Android_DXTClient'
[2020.11.02-11.37.42:375][  0]LogTargetPlatformManager: Display: Loaded TargetPlatform 'Android_ETC2Client'
[2020.11.02-11.37.42:375][  0]LogTargetPlatformManager: Display: Loaded TargetPlatform 'Android_Multi'
[2020.11.02-11.37.42:375][  0]LogTargetPlatformManager: Display: Loaded TargetPlatform 'Android_MultiClient'
[2020.11.02-11.37.42:414][  0]LogTargetPlatformManager: Display: Loaded TargetPlatform 'IOSClient'
[2020.11.02-11.37.42:414][  0]LogTargetPlatformManager: Display: Loaded TargetPlatform 'IOS'
[2020.11.02-11.37.42:431][  0]LogTargetPlatformManager: Display: Loaded TargetPlatform 'Linux'
[2020.11.02-11.37.42:446][  0]LogTargetPlatformManager: Display: Loaded TargetPlatform 'LinuxNoEditor'
[2020.11.02-11.37.42:461][  0]LogTargetPlatformManager: Display: Loaded TargetPlatform 'LinuxClient'
[2020.11.02-11.37.42:478][  0]LogTargetPlatformManager: Display: Loaded TargetPlatform 'LinuxServer'
[2020.11.02-11.37.42:493][  0]LogTargetPlatformManager: Display: Loaded TargetPlatform 'LinuxAArch64NoEditor'
[2020.11.02-11.37.42:509][  0]LogTargetPlatformManager: Display: Loaded TargetPlatform 'LinuxAArch64Client'
[2020.11.02-11.37.42:525][  0]LogTargetPlatformManager: Display: Loaded TargetPlatform 'LinuxAArch64Server'
[2020.11.02-11.37.42:573][  0]LogTargetPlatformManager: Display: Loaded TargetPlatform 'Lumin'
[2020.11.02-11.37.42:573][  0]LogTargetPlatformManager: Display: Loaded TargetPlatform 'LuminClient'
[2020.11.02-11.37.42:601][  0]LogTargetPlatformManager: Display: Loaded TargetPlatform 'TVOSClient'
[2020.11.02-11.37.42:601][  0]LogTargetPlatformManager: Display: Loaded TargetPlatform 'TVOS'
[2020.11.02-11.37.42:618][  0]LogTargetPlatformManager: Display: Loaded TargetPlatform 'WindowsNoEditor'
[2020.11.02-11.37.42:635][  0]LogTargetPlatformManager: Display: Loaded TargetPlatform 'Windows'
[2020.11.02-11.37.42:649][  0]LogTargetPlatformManager: Display: Loaded TargetPlatform 'WindowsClient'
[2020.11.02-11.37.42:664][  0]LogTargetPlatformManager: Display: Loaded TargetPlatform 'WindowsServer'
[2020.11.02-11.37.42:664][  0]LogTargetPlatformManager: Display: Building Assets For Windows
[2020.11.02-11.37.42:676][  0]LogAudioDebug: Display: Lib vorbis DLL was dynamically loaded.
[2020.11.02-11.37.42:764][  0]LogShaderCompilers: Guid format shader working directory is 25 characters bigger than the processId version (J:/Unreal Projects/VR/Intermediate/Shaders/WorkingDirectory/5352/).
[2020.11.02-11.37.42:765][  0]LogShaderCompilers: Cleaned the shader compiler working directory 'C:/Users/Admin/AppData/Local/Temp/UnrealShaderWorkingDir/51B09A534C2980C8A717878661E6CDFF/'.
[2020.11.02-11.37.42:765][  0]LogXGEController: Cannot use XGE Controller as Incredibuild is not installed on this machine.
[2020.11.02-11.37.42:765][  0]LogShaderCompilers: Cannot use XGE Shader Compiler as Incredibuild is not installed on this machine.
[2020.11.02-11.37.42:765][  0]LogShaderCompilers: Display: Using Local Shader Compiler.
[2020.11.02-11.37.44:098][  0]LogDerivedDataCache: Display: Max Cache Size: 512 MB
[2020.11.02-11.37.44:186][  0]LogDerivedDataCache: Loaded boot cache 0.09s 75MB C:/Users/Admin/AppData/Local/UnrealEngine/4.25/DerivedDataCache/Boot.ddc.
[2020.11.02-11.37.44:186][  0]LogDerivedDataCache: Display: Loaded Boot cache: C:/Users/Admin/AppData/Local/UnrealEngine/4.25/DerivedDataCache/Boot.ddc
[2020.11.02-11.37.44:186][  0]LogDerivedDataCache: FDerivedDataBackendGraph:  Pak pak cache file J:/Unreal Projects/VR/DerivedDataCache/DDC.ddp not found, will not use a pak cache.
[2020.11.02-11.37.44:186][  0]LogDerivedDataCache: Unable to find inner node Pak for hierarchical cache Hierarchy.
[2020.11.02-11.37.44:186][  0]LogDerivedDataCache: FDerivedDataBackendGraph:  CompressedPak pak cache file J:/Unreal Projects/VR/DerivedDataCache/Compressed.ddp not found, will not use a pak cache.
[2020.11.02-11.37.44:186][  0]LogDerivedDataCache: Unable to find inner node CompressedPak for hierarchical cache Hierarchy.
[2020.11.02-11.37.44:202][  0]LogDerivedDataCache: Display: Pak cache opened for reading ../../../Engine/DerivedDataCache/Compressed.ddp.
[2020.11.02-11.37.44:202][  0]LogDerivedDataCache: FDerivedDataBackendGraph:  EnterprisePak pak cache file ../../../Enterprise/DerivedDataCache/Compressed.ddp not found, will not use a pak cache.
[2020.11.02-11.37.44:202][  0]LogDerivedDataCache: Unable to find inner node EnterprisePak for hierarchical cache Hierarchy.
[2020.11.02-11.37.44:203][  0]LogDerivedDataCache: Using Local data cache path C:/Users/Admin/AppData/Local/UnrealEngine/Common/DerivedDataCache: Writable
[2020.11.02-11.37.44:203][  0]LogDerivedDataCache: Shared data cache path not found in *engine.ini, will not use an Shared cache.
[2020.11.02-11.37.44:203][  0]LogDerivedDataCache: Unable to find inner node Shared for hierarchical cache Hierarchy.
[2020.11.02-11.37.46:312][  0]LogSlate: Using FreeType 2.10.0
[2020.11.02-11.37.46:313][  0]LogShaderCompilers: Display: Worker (1/5): shaders left to compile 2715
[2020.11.02-11.37.46:313][  0]LogShaderCompilers: Display: Worker (2/5): shaders left to compile 2714
[2020.11.02-11.37.46:313][  0]LogShaderCompilers: Display: Worker (3/5): shaders left to compile 2713
[2020.11.02-11.37.46:313][  0]LogShaderCompilers: Display: Worker (4/5): shaders left to compile 2712
[2020.11.02-11.37.46:313][  0]LogShaderCompilers: Display: Worker (5/5): shaders left to compile 2711
[2020.11.02-11.37.46:313][  0]LogSlate: SlateFontServices - WITH_FREETYPE: 1, WITH_HARFBUZZ: 1
[2020.11.02-11.37.46:347][  0]LogAssetRegistry: FAssetRegistry took 0.0039 seconds to start up
[2020.11.02-11.37.46:770][  0]LogInit: Selected Device Profile: [Windows]
[2020.11.02-11.37.46:880][  0]LogMaterial: Display: Missing cached shader map for material WorldGridMaterial, compiling. Is special engine material.
[2020.11.02-11.38.21:544][  0]LogShaderCompilers: Display: Worker (1/5): shaders left to compile 3589
[2020.11.02-11.38.22:650][  0]LogShaderCompilers: Display: Worker (1/5): shaders left to compile 3588
[2020.11.02-11.38.24:870][  0]LogShaderCompilers: Display: Worker (1/5): shaders left to compile 3587
[2020.11.02-11.38.25:985][  0]LogShaderCompilers: Display: Worker (1/5): shaders left to compile 3586
[2020.11.02-11.38.28:779][  0]LogShaderCompilers: Display: Worker (1/5): shaders left to compile 3585
[2020.11.02-11.38.29:911][  0]LogShaderCompilers: Display: Worker (1/5): shaders left to compile 3584
[2020.11.02-11.38.31:613][  0]LogShaderCompilers: Display: Worker (1/5): shaders left to compile 3583
[2020.11.02-11.38.32:729][  0]LogShaderCompilers: Display: Worker (1/5): shaders left to compile 3582
[2020.11.02-11.38.34:956][  0]LogShaderCompilers: Display: Worker (1/5): shaders left to compile 3581
[2020.11.02-11.38.36:074][  0]LogShaderCompilers: Display: Worker (1/5): shaders left to compile 3580
[2020.11.02-11.38.37:217][  0]LogShaderCompilers: Display: Worker (1/5): shaders left to compile 3579
[2020.11.02-11.38.38:959][  0]LogShaderCompilers: Display: Worker (1/5): shaders left to compile 3578
[2020.11.02-11.38.40:677][  0]LogShaderCompilers: Display: Worker (1/5): shaders left to compile 3577
[2020.11.02-11.38.41:823][  0]LogShaderCompilers: Display: Worker (1/5): shaders left to compile 3576
[2020.11.02-11.38.42:966][  0]LogShaderCompilers: Display: Worker (1/5): shaders left to compile 3575
[2020.11.02-11.38.44:139][  0]LogShaderCompilers: Display: Worker (1/5): shaders left to compile 3574
[2020.11.02-11.38.45:318][  0]LogShaderCompilers: Display: Worker (1/5): shaders left to compile 3573
[2020.11.02-11.38.45:318][  0]LogShaderCompilers: Display: Worker (5/5): shaders left to compile 3572
[2020.11.02-11.38.46:451][  0]LogShaderCompilers: Display: Worker (5/5): shaders left to compile 3571
[2020.11.02-11.38.46:451][  0]LogShaderCompilers: Display: Worker (1/5): shaders left to compile 3570
[2020.11.02-11.38.47:038][  0]LogShaderCompilers: Display: Worker (5/5): shaders left to compile 3569
[2020.11.02-11.38.47:038][  0]LogShaderCompilers: Display: Worker (1/5): shaders left to compile 3568
[2020.11.02-11.38.48:739][  0]LogShaderCompilers: Display: Worker (1/5): shaders left to compile 3567
[2020.11.02-11.38.49:327][  0]LogShaderCompilers: Display: Worker (1/5): shaders left to compile 3566
[2020.11.02-11.38.49:327][  0]LogShaderCompilers: Display: Worker (5/5): shaders left to compile 3565
[2020.11.02-11.38.49:945][  0]LogShaderCompilers: Display: Worker (5/5): shaders left to compile 3564
[2020.11.02-11.38.49:945][  0]LogShaderCompilers: Display: Worker (1/5): shaders left to compile 3563
[2020.11.02-11.38.51:066][  0]LogShaderCompilers: Display: Worker (2/5): shaders left to compile 3562
[2020.11.02-11.38.51:066][  0]LogShaderCompilers: Display: Worker (1/5): shaders left to compile 3561
[2020.11.02-11.38.52:203][  0]LogShaderCompilers: Display: Worker (1/5): shaders left to compile 3560
[2020.11.02-11.38.52:203][  0]LogShaderCompilers: Display: Worker (5/5): shaders left to compile 3559
[2020.11.02-11.38.52:203][  0]LogShaderCompilers: Display: Worker (2/5): shaders left to compile 3558
[2020.11.02-11.38.53:915][  0]LogShaderCompilers: Display: Worker (5/5): shaders left to compile 3557
[2020.11.02-11.38.53:915][  0]LogShaderCompilers: Display: Worker (1/5): shaders left to compile 3556
[2020.11.02-11.38.53:915][  0]LogShaderCompilers: Display: Worker (2/5): shaders left to compile 3555
[2020.11.02-11.38.55:030][  0]LogShaderCompilers: Display: Worker (2/5): shaders left to compile 3554
[2020.11.02-11.38.55:030][  0]LogShaderCompilers: Display: Worker (1/5): shaders left to compile 3553
[2020.11.02-11.38.55:592][  0]LogShaderCompilers: Display: Worker (2/5): shaders left to compile 3552
[2020.11.02-11.38.55:593][  0]LogShaderCompilers: Display: Worker (1/5): shaders left to compile 3551
[2020.11.02-11.38.55:593][  0]LogShaderCompilers: Display: Worker (5/5): shaders left to compile 3550
[2020.11.02-11.38.56:156][  0]LogShaderCompilers: Display: Worker (1/5): shaders left to compile 3549
[2020.11.02-11.38.56:156][  0]LogShaderCompilers: Display: Worker (2/5): shaders left to compile 3548
[2020.11.02-11.38.56:156][  0]LogShaderCompilers: Display: Worker (5/5): shaders left to compile 3547
[2020.11.02-11.38.56:156][  0]LogShaderCompilers: Display: Worker (1/5): shaders left to compile 3546
[2020.11.02-11.38.56:156][  0]LogShaderCompilers: Display: Worker (5/5): shaders left to compile 3545
[2020.11.02-11.38.56:156][  0]LogShaderCompilers: Display: Worker (2/5): shaders left to compile 3544
[2020.11.02-11.38.56:156][  0]LogShaderCompilers: Display: Worker (1/5): shaders left to compile 3543
[2020.11.02-11.38.56:156][  0]LogShaderCompilers: Display: Worker (3/5): shaders left to compile 3542
[2020.11.02-11.38.56:156][  0]LogShaderCompilers: Display: Worker (5/5): shaders left to compile 3541
[2020.11.02-11.38.56:156][  0]LogShaderCompilers: Display: Worker (2/5): shaders left to compile 3540
[2020.11.02-11.38.56:710][  0]LogShaderCompilers: Display: Worker (1/5): shaders left to compile 3539
[2020.11.02-11.38.56:710][  0]LogShaderCompilers: Display: Worker (5/5): shaders left to compile 3538
[2020.11.02-11.38.56:710][  0]LogShaderCompilers: Display: Worker (2/5): shaders left to compile 3537
[2020.11.02-11.38.56:710][  0]LogShaderCompilers: Display: Worker (3/5): shaders left to compile 3536
[2020.11.02-11.38.56:710][  0]LogShaderCompilers: Display: Worker (4/5): shaders left to compile 3535
[2020.11.02-11.38.56:710][  0]LogShaderCompilers: Display: Worker (1/5): shaders left to compile 3534
[2020.11.02-11.38.56:710][  0]LogShaderCompilers: Display: Worker (5/5): shaders left to compile 3533
[2020.11.02-11.38.56:710][  0]LogShaderCompilers: Display: Worker (4/5): shaders left to compile 3532
[2020.11.02-11.38.56:710][  0]LogShaderCompilers: Display: Worker (1/5): shaders left to compile 3531
[2020.11.02-11.38.56:710][  0]LogShaderCompilers: Display: Worker (3/5): shaders left to compile 3530
